{"numTotalTestSuites":2,"numPassedTestSuites":2,"numFailedTestSuites":0,"numPendingTestSuites":0,"numTotalTests":1,"numPassedTests":1,"numFailedTests":0,"numPendingTests":0,"numTodoTests":0,"snapshot":{"added":0,"failure":false,"filesAdded":0,"filesRemoved":0,"filesRemovedList":[],"filesUnmatched":0,"filesUpdated":0,"matched":0,"total":0,"unchecked":0,"uncheckedKeysByFile":[],"unmatched":0,"updated":0,"didUpdate":false},"startTime":1785805520924,"success":true,"testResults":[{"assertionResults":[{"ancestorTitles":["getGreeting"],"fullName":"getGreeting returns hello dolly","status":"passed","title":"returns hello dolly","duration":0.8847399999999936,"failureMessages":[],"meta":{}}],"startTime":1785805521138,"endTime":1785805521138.8848,"status":"passed","message":"","name":"/tmp/brownfield-mock3-a-TuHv4w/clone/src/hello.test.ts"}]}