{"numTotalTestSuites":2,"numPassedTestSuites":2,"numFailedTestSuites":0,"numPendingTestSuites":0,"numTotalTests":3,"numPassedTests":3,"numFailedTests":0,"numPendingTests":0,"numTodoTests":0,"snapshot":{"added":0,"failure":false,"filesAdded":0,"filesRemoved":0,"filesRemovedList":[],"filesUnmatched":0,"filesUpdated":0,"matched":0,"total":0,"unchecked":0,"uncheckedKeysByFile":[],"unmatched":0,"updated":0,"didUpdate":false},"startTime":1780260193266,"success":true,"testResults":[{"assertionResults":[{"ancestorTitles":["greet"],"fullName":"greet returns Hello, <name>!","status":"passed","title":"returns Hello, <name>!","duration":0.9333540000000085,"failureMessages":[],"meta":{}},{"ancestorTitles":["greet"],"fullName":"greet works with any name","status":"passed","title":"works with any name","duration":0.1497669999999971,"failureMessages":[],"meta":{}},{"ancestorTitles":["greet"],"fullName":"greet does not return empty string","status":"passed","title":"does not return empty string","duration":0.09722999999999615,"failureMessages":[],"meta":{}}],"startTime":1780260193463,"endTime":1780260193464.1497,"status":"passed","message":"","name":"/home/bradleyjerome/projects/ai/epam-test-apps/hello-world/greet.test.ts"}]}