{"numTotalTestSuites":10,"numPassedTestSuites":10,"numFailedTestSuites":0,"numPendingTestSuites":0,"numTotalTests":22,"numPassedTests":22,"numFailedTests":0,"numPendingTests":0,"numTodoTests":0,"snapshot":{"added":0,"failure":false,"filesAdded":0,"filesRemoved":0,"filesRemovedList":[],"filesUnmatched":0,"filesUpdated":0,"matched":0,"total":0,"unchecked":0,"uncheckedKeysByFile":[],"unmatched":0,"updated":0,"didUpdate":false},"startTime":1781268660805,"success":true,"testResults":[{"assertionResults":[{"ancestorTitles":["formatDate"],"fullName":"formatDate formats short date correctly","status":"passed","title":"formats short date correctly","duration":1.5520070000000032,"failureMessages":[],"meta":{}},{"ancestorTitles":["formatDate"],"fullName":"formatDate formats long date correctly","status":"passed","title":"formats long date correctly","duration":0.2555899999999838,"failureMessages":[],"meta":{}},{"ancestorTitles":["formatDate"],"fullName":"formatDate zero-pads month and day in short format","status":"passed","title":"zero-pads month and day in short format","duration":0.131574999999998,"failureMessages":[],"meta":{}},{"ancestorTitles":["formatDate"],"fullName":"formatDate does not pad day in long format","status":"passed","title":"does not pad day in long format","duration":0.14858199999997623,"failureMessages":[],"meta":{}},{"ancestorTitles":["formatDate"],"fullName":"formatDate handles month boundaries","status":"passed","title":"handles month boundaries","duration":0.5261199999999917,"failureMessages":[],"meta":{}},{"ancestorTitles":["formatDate"],"fullName":"formatDate handles leap day","status":"passed","title":"handles leap day","duration":0.4824050000000284,"failureMessages":[],"meta":{}},{"ancestorTitles":["formatDate"],"fullName":"formatDate throws error for invalid date","status":"passed","title":"throws error for invalid date","duration":1.4197899999999777,"failureMessages":[],"meta":{}}],"startTime":1781268661158,"endTime":1781268661162.4197,"status":"passed","message":"","name":"/home/bradleyjerome/projects/ai/epam-test-apps/hello-world/formatDate.test.ts"},{"assertionResults":[{"ancestorTitles":["greet"],"fullName":"greet returns Hello, <name>!","status":"passed","title":"returns Hello, <name>!","duration":1.0098810000000071,"failureMessages":[],"meta":{}},{"ancestorTitles":["greet"],"fullName":"greet works with any name","status":"passed","title":"works with any name","duration":0.238016000000016,"failureMessages":[],"meta":{}},{"ancestorTitles":["greet"],"fullName":"greet does not return empty string","status":"passed","title":"does not return empty string","duration":0.15637799999996105,"failureMessages":[],"meta":{}}],"startTime":1781268661158,"endTime":1781268661160.1565,"status":"passed","message":"","name":"/home/bradleyjerome/projects/ai/epam-test-apps/hello-world/greet.test.ts"},{"assertionResults":[{"ancestorTitles":["slugify"],"fullName":"slugify should handle normal input","status":"passed","title":"should handle normal input","duration":1.1394620000000373,"failureMessages":[],"meta":{}},{"ancestorTitles":["slugify"],"fullName":"slugify should handle already slugged input","status":"passed","title":"should handle already slugged input","duration":0.24398400000001175,"failureMessages":[],"meta":{}},{"ancestorTitles":["slugify"],"fullName":"slugify should handle empty string","status":"passed","title":"should handle empty string","duration":0.11011100000001761,"failureMessages":[],"meta":{}},{"ancestorTitles":["slugify"],"fullName":"slugify should handle punctuation","status":"passed","title":"should handle punctuation","duration":0.1319580000000542,"failureMessages":[],"meta":{}},{"ancestorTitles":["slugify"],"fullName":"slugify should handle repeated separators","status":"passed","title":"should handle repeated separators","duration":0.19329999999996517,"failureMessages":[],"meta":{}}],"startTime":1781268661158,"endTime":1781268661160.244,"status":"passed","message":"","name":"/home/bradleyjerome/projects/ai/epam-test-apps/hello-world/slugify.test.ts"},{"assertionResults":[{"ancestorTitles":["Example test"],"fullName":"Example test should pass","status":"passed","title":"should pass","duration":1.4891079999999874,"failureMessages":[],"meta":{}}],"startTime":1781268661153,"endTime":1781268661154.489,"status":"passed","message":"","name":"/home/bradleyjerome/projects/ai/epam-test-apps/hello-world/test-example.test.ts"},{"assertionResults":[{"ancestorTitles":["truncate"],"fullName":"truncate truncates text longer than maxLength","status":"passed","title":"truncates text longer than maxLength","duration":1.1189269999999851,"failureMessages":[],"meta":{}},{"ancestorTitles":["truncate"],"fullName":"truncate returns text unchanged when shorter than maxLength","status":"passed","title":"returns text unchanged when shorter than maxLength","duration":0.20891000000000304,"failureMessages":[],"meta":{}},{"ancestorTitles":["truncate"],"fullName":"truncate truncates when text length equals maxLength","status":"passed","title":"truncates when text length equals maxLength","duration":0.10918100000003506,"failureMessages":[],"meta":{}},{"ancestorTitles":["truncate"],"fullName":"truncate uses custom suffix","status":"passed","title":"uses custom suffix","duration":0.3463710000000333,"failureMessages":[],"meta":{}},{"ancestorTitles":["truncate"],"fullName":"truncate handles maxLength=0","status":"passed","title":"handles maxLength=0","duration":0.3320499999999811,"failureMessages":[],"meta":{}},{"ancestorTitles":["truncate"],"fullName":"truncate handles Unicode characters","status":"passed","title":"handles Unicode characters","duration":0.14273600000001352,"failureMessages":[],"meta":{}}],"startTime":1781268661158,"endTime":1781268661160.332,"status":"passed","message":"","name":"/home/bradleyjerome/projects/ai/epam-test-apps/hello-world/truncate.test.ts"}]}