{
  "numTotalTestSuites": 10,
  "numPassedTestSuites": 10,
  "numFailedTestSuites": 0,
  "numPendingTestSuites": 0,
  "numTotalTests": 52,
  "numPassedTests": 52,
  "numFailedTests": 0,
  "numPendingTests": 0,
  "numTodoTests": 0,
  "startTime": 1781829743421,
  "success": true,
  "testResults": [
    {
      "assertionResults": [
        {
          "ancestorTitles": [
            "",
            "parseArguments"
          ],
          "fullName": " parseArguments parses all flags",
          "status": "passed",
          "title": "parses all flags",
          "duration": 1,
          "failureMessages": []
        },
        {
          "ancestorTitles": [
            "",
            "parseArguments"
          ],
          "fullName": " parseArguments returns undefined for missing flags",
          "status": "passed",
          "title": "returns undefined for missing flags",
          "duration": 0,
          "failureMessages": []
        },
        {
          "ancestorTitles": [
            "",
            "validateArguments"
          ],
          "fullName": " validateArguments throws exit:2 and writes to stderr if --from missing",
          "status": "passed",
          "title": "throws exit:2 and writes to stderr if --from missing",
          "duration": 1,
          "failureMessages": []
        },
        {
          "ancestorTitles": [
            "",
            "validateArguments"
          ],
          "fullName": " validateArguments throws exit:2 and writes to stderr if --to missing",
          "status": "passed",
          "title": "throws exit:2 and writes to stderr if --to missing",
          "duration": 1,
          "failureMessages": []
        },
        {
          "ancestorTitles": [
            "",
            "validateArguments"
          ],
          "fullName": " validateArguments throws exit:2 and writes to stderr if --date missing",
          "status": "passed",
          "title": "throws exit:2 and writes to stderr if --date missing",
          "duration": 0,
          "failureMessages": []
        },
        {
          "ancestorTitles": [
            "",
            "validateArguments"
          ],
          "fullName": " validateArguments throws exit:2 if --date format is invalid",
          "status": "passed",
          "title": "throws exit:2 if --date format is invalid",
          "duration": 0,
          "failureMessages": []
        },
        {
          "ancestorTitles": [
            "",
            "validateArguments"
          ],
          "fullName": " validateArguments throws exit:2 if --adults is not numeric",
          "status": "passed",
          "title": "throws exit:2 if --adults is not numeric",
          "duration": 1,
          "failureMessages": []
        },
        {
          "ancestorTitles": [
            "",
            "validateArguments"
          ],
          "fullName": " validateArguments throws exit:2 if --adults is float string",
          "status": "passed",
          "title": "throws exit:2 if --adults is float string",
          "duration": 0,
          "failureMessages": []
        },
        {
          "ancestorTitles": [
            "",
            "validateArguments"
          ],
          "fullName": " validateArguments throws exit:2 if --adults is zero",
          "status": "passed",
          "title": "throws exit:2 if --adults is zero",
          "duration": 0,
          "failureMessages": []
        },
        {
          "ancestorTitles": [
            "",
            "validateArguments"
          ],
          "fullName": " validateArguments throws exit:2 if --adults is negative",
          "status": "passed",
          "title": "throws exit:2 if --adults is negative",
          "duration": 1,
          "failureMessages": []
        },
        {
          "ancestorTitles": [
            "",
            "validateArguments"
          ],
          "fullName": " validateArguments throws exit:1 if RAPIDAPI_KEY is absent",
          "status": "passed",
          "title": "throws exit:1 if RAPIDAPI_KEY is absent",
          "duration": 0,
          "failureMessages": []
        },
        {
          "ancestorTitles": [
            "",
            "validateArguments"
          ],
          "fullName": " validateArguments throws exit:1 if RAPIDAPI_KEY is empty string",
          "status": "passed",
          "title": "throws exit:1 if RAPIDAPI_KEY is empty string",
          "duration": 0,
          "failureMessages": []
        },
        {
          "ancestorTitles": [
            "",
            "validateArguments"
          ],
          "fullName": " validateArguments defaults adults to 1 if not present",
          "status": "passed",
          "title": "defaults adults to 1 if not present",
          "duration": 1,
          "failureMessages": []
        },
        {
          "ancestorTitles": [
            "",
            "validateArguments"
          ],
          "fullName": " validateArguments returns validated arguments with correct types",
          "status": "passed",
          "title": "returns validated arguments with correct types",
          "duration": 0,
          "failureMessages": []
        },
        {
          "ancestorTitles": [
            "",
            "main"
          ],
          "fullName": " main exits 2 and prints error if --from missing",
          "status": "passed",
          "title": "exits 2 and prints error if --from missing",
          "duration": 1,
          "failureMessages": []
        },
        {
          "ancestorTitles": [
            "",
            "main"
          ],
          "fullName": " main exits 2 and prints error if --to missing",
          "status": "passed",
          "title": "exits 2 and prints error if --to missing",
          "duration": 1,
          "failureMessages": []
        },
        {
          "ancestorTitles": [
            "",
            "main"
          ],
          "fullName": " main exits 2 and prints error if --date missing",
          "status": "passed",
          "title": "exits 2 and prints error if --date missing",
          "duration": 1,
          "failureMessages": []
        },
        {
          "ancestorTitles": [
            "",
            "main"
          ],
          "fullName": " main exits 2 if --date format invalid",
          "status": "passed",
          "title": "exits 2 if --date format invalid",
          "duration": 0,
          "failureMessages": []
        },
        {
          "ancestorTitles": [
            "",
            "main"
          ],
          "fullName": " main exits 2 if --adults not numeric",
          "status": "passed",
          "title": "exits 2 if --adults not numeric",
          "duration": 0,
          "failureMessages": []
        },
        {
          "ancestorTitles": [
            "",
            "main"
          ],
          "fullName": " main exits 2 if --adults is float",
          "status": "passed",
          "title": "exits 2 if --adults is float",
          "duration": 2,
          "failureMessages": []
        },
        {
          "ancestorTitles": [
            "",
            "main"
          ],
          "fullName": " main exits 2 if --adults is zero",
          "status": "passed",
          "title": "exits 2 if --adults is zero",
          "duration": 0,
          "failureMessages": []
        },
        {
          "ancestorTitles": [
            "",
            "main"
          ],
          "fullName": " main exits 2 if --adults is negative",
          "status": "passed",
          "title": "exits 2 if --adults is negative",
          "duration": 0,
          "failureMessages": []
        },
        {
          "ancestorTitles": [
            "",
            "main"
          ],
          "fullName": " main exits 1 and prints error if RAPIDAPI_KEY absent",
          "status": "passed",
          "title": "exits 1 and prints error if RAPIDAPI_KEY absent",
          "duration": 1,
          "failureMessages": []
        },
        {
          "ancestorTitles": [
            "",
            "main"
          ],
          "fullName": " main exits 1 and prints error if RAPIDAPI_KEY empty string",
          "status": "passed",
          "title": "exits 1 and prints error if RAPIDAPI_KEY empty string",
          "duration": 0,
          "failureMessages": []
        },
        {
          "ancestorTitles": [
            "",
            "main"
          ],
          "fullName": " main calls searchFlights with correct arguments and renderTable with result (happy path)",
          "status": "passed",
          "title": "calls searchFlights with correct arguments and renderTable with result (happy path)",
          "duration": 1,
          "failureMessages": []
        },
        {
          "ancestorTitles": [
            "",
            "main"
          ],
          "fullName": " main calls searchFlights with adults=1 if --adults is absent",
          "status": "passed",
          "title": "calls searchFlights with adults=1 if --adults is absent",
          "duration": 1,
          "failureMessages": []
        },
        {
          "ancestorTitles": [
            "",
            "main"
          ],
          "fullName": " main calls renderTable with one arg if currency is not provided",
          "status": "passed",
          "title": "calls renderTable with one arg if currency is not provided",
          "duration": 0,
          "failureMessages": []
        }
      ],
      "startTime": 1781829743847,
      "endTime": 1781829743861,
      "status": "passed",
      "message": "",
      "name": "/tmp/skyscanner-app/src/cli.test.ts"
    },
    {
      "assertionResults": [
        {
          "ancestorTitles": [
            "",
            "placeholder test"
          ],
          "fullName": " placeholder test should pass",
          "status": "passed",
          "title": "should pass",
          "duration": 1,
          "failureMessages": []
        }
      ],
      "startTime": 1781829743835,
      "endTime": 1781829743836,
      "status": "passed",
      "message": "",
      "name": "/tmp/skyscanner-app/src/index.test.ts"
    },
    {
      "assertionResults": [
        {
          "ancestorTitles": [
            "",
            "SKY-004-B /search and /cheapest"
          ],
          "fullName": " SKY-004-B /search and /cheapest GET /search happy path returns flights/count/searchedAt and calls with correct args",
          "status": "passed",
          "title": "GET /search happy path returns flights/count/searchedAt and calls with correct args",
          "duration": 29,
          "failureMessages": []
        },
        {
          "ancestorTitles": [
            "",
            "SKY-004-B /search and /cheapest"
          ],
          "fullName": " SKY-004-B /search and /cheapest GET /search missing required param returns 400",
          "status": "passed",
          "title": "GET /search missing required param returns 400",
          "duration": 5,
          "failureMessages": []
        },
        {
          "ancestorTitles": [
            "",
            "SKY-004-B /search and /cheapest"
          ],
          "fullName": " SKY-004-B /search and /cheapest GET /search empty required param returns 400",
          "status": "passed",
          "title": "GET /search empty required param returns 400",
          "duration": 9,
          "failureMessages": []
        },
        {
          "ancestorTitles": [
            "",
            "SKY-004-B /search and /cheapest"
          ],
          "fullName": " SKY-004-B /search and /cheapest GET /search with adults absent defaults to 1 (number)",
          "status": "passed",
          "title": "GET /search with adults absent defaults to 1 (number)",
          "duration": 13,
          "failureMessages": []
        },
        {
          "ancestorTitles": [
            "",
            "SKY-004-B /search and /cheapest"
          ],
          "fullName": " SKY-004-B /search and /cheapest GET /search with adults non-numeric returns 400",
          "status": "passed",
          "title": "GET /search with adults non-numeric returns 400",
          "duration": 28,
          "failureMessages": []
        },
        {
          "ancestorTitles": [
            "",
            "SKY-004-B /search and /cheapest"
          ],
          "fullName": " SKY-004-B /search and /cheapest GET /search with adults=0 or <0 returns 400",
          "status": "passed",
          "title": "GET /search with adults=0 or <0 returns 400",
          "duration": 31,
          "failureMessages": []
        },
        {
          "ancestorTitles": [
            "",
            "SKY-004-B /search and /cheapest"
          ],
          "fullName": " SKY-004-B /search and /cheapest GET /search with bad date format returns 400",
          "status": "passed",
          "title": "GET /search with bad date format returns 400",
          "duration": 30,
          "failureMessages": []
        },
        {
          "ancestorTitles": [
            "",
            "SKY-004-B /search and /cheapest"
          ],
          "fullName": " SKY-004-B /search and /cheapest GET /cheapest happy path returns cheapest flight and searchedAt",
          "status": "passed",
          "title": "GET /cheapest happy path returns cheapest flight and searchedAt",
          "duration": 12,
          "failureMessages": []
        },
        {
          "ancestorTitles": [
            "",
            "SKY-004-B /search and /cheapest"
          ],
          "fullName": " SKY-004-B /search and /cheapest GET /cheapest returns 404 if no flights",
          "status": "passed",
          "title": "GET /cheapest returns 404 if no flights",
          "duration": 9,
          "failureMessages": []
        },
        {
          "ancestorTitles": [
            "",
            "SKY-004-B /search and /cheapest"
          ],
          "fullName": " SKY-004-B /search and /cheapest GET /cheapest missing required param returns 400",
          "status": "passed",
          "title": "GET /cheapest missing required param returns 400",
          "duration": 9,
          "failureMessages": []
        },
        {
          "ancestorTitles": [
            "",
            "SKY-004-B /search and /cheapest"
          ],
          "fullName": " SKY-004-B /search and /cheapest GET /cheapest empty required param returns 400",
          "status": "passed",
          "title": "GET /cheapest empty required param returns 400",
          "duration": 11,
          "failureMessages": []
        },
        {
          "ancestorTitles": [
            "",
            "SKY-004-B /search and /cheapest"
          ],
          "fullName": " SKY-004-B /search and /cheapest GET /cheapest with adults non-numeric returns 400",
          "status": "passed",
          "title": "GET /cheapest with adults non-numeric returns 400",
          "duration": 29,
          "failureMessages": []
        },
        {
          "ancestorTitles": [
            "",
            "SKY-004-B /search and /cheapest"
          ],
          "fullName": " SKY-004-B /search and /cheapest GET /cheapest with adults=0 or <0 returns 400",
          "status": "passed",
          "title": "GET /cheapest with adults=0 or <0 returns 400",
          "duration": 32,
          "failureMessages": []
        },
        {
          "ancestorTitles": [
            "",
            "SKY-004-B /search and /cheapest"
          ],
          "fullName": " SKY-004-B /search and /cheapest GET /cheapest with bad date format returns 400",
          "status": "passed",
          "title": "GET /cheapest with bad date format returns 400",
          "duration": 30,
          "failureMessages": []
        },
        {
          "ancestorTitles": [
            "",
            "SKY-004-B /search and /cheapest"
          ],
          "fullName": " SKY-004-B /search and /cheapest GET /cheapest with adults absent defaults to 1",
          "status": "passed",
          "title": "GET /cheapest with adults absent defaults to 1",
          "duration": 10,
          "failureMessages": []
        },
        {
          "ancestorTitles": [
            "",
            "SKY-004-B /search and /cheapest"
          ],
          "fullName": " SKY-004-B /search and /cheapest CORS headers are set and OPTIONS returns 204",
          "status": "passed",
          "title": "CORS headers are set and OPTIONS returns 204",
          "duration": 10,
          "failureMessages": []
        },
        {
          "ancestorTitles": [
            "",
            "SKY-004-B /search and /cheapest"
          ],
          "fullName": " SKY-004-B /search and /cheapest 500 handler returns Internal Server Error on thrown error",
          "status": "passed",
          "title": "500 handler returns Internal Server Error on thrown error",
          "duration": 3,
          "failureMessages": []
        },
        {
          "ancestorTitles": [
            "",
            "SKY-004-B /search and /cheapest"
          ],
          "fullName": " SKY-004-B /search and /cheapest GET /search and /cheapest searchedAt is ISO-8601",
          "status": "passed",
          "title": "GET /search and /cheapest searchedAt is ISO-8601",
          "duration": 22,
          "failureMessages": []
        }
      ],
      "startTime": 1781829743931,
      "endTime": 1781829744253,
      "status": "passed",
      "message": "",
      "name": "/tmp/skyscanner-app/src/server.test.ts"
    },
    {
      "assertionResults": [
        {
          "ancestorTitles": [
            "",
            "SkyscannerClient"
          ],
          "fullName": " SkyscannerClient a) constructs correct URL and request headers (apiKey, User-Agent)",
          "status": "passed",
          "title": "a) constructs correct URL and request headers (apiKey, User-Agent)",
          "duration": 2,
          "failureMessages": []
        },
        {
          "ancestorTitles": [
            "",
            "SkyscannerClient"
          ],
          "fullName": " SkyscannerClient b) parses a successful array response body as FlightResult[]",
          "status": "passed",
          "title": "b) parses a successful array response body as FlightResult[]",
          "duration": 1,
          "failureMessages": []
        },
        {
          "ancestorTitles": [
            "",
            "SkyscannerClient"
          ],
          "fullName": " SkyscannerClient c) fetch returns ok=false with 4xx status: rejects with error containing status",
          "status": "passed",
          "title": "c) fetch returns ok=false with 4xx status: rejects with error containing status",
          "duration": 1,
          "failureMessages": []
        },
        {
          "ancestorTitles": [
            "",
            "SkyscannerClient"
          ],
          "fullName": " SkyscannerClient d) constructing with no apiKey and no RAPIDAPI_KEY env throws missing key error",
          "status": "passed",
          "title": "d) constructing with no apiKey and no RAPIDAPI_KEY env throws missing key error",
          "duration": 0,
          "failureMessages": []
        },
        {
          "ancestorTitles": [
            "",
            "SkyscannerClient"
          ],
          "fullName": " SkyscannerClient e) fetch json returns non-array or missing fields: rejects with parse/validation error",
          "status": "passed",
          "title": "e) fetch json returns non-array or missing fields: rejects with parse/validation error",
          "duration": 0,
          "failureMessages": []
        },
        {
          "ancestorTitles": [
            "",
            "SkyscannerClient"
          ],
          "fullName": " SkyscannerClient f) fetch rejects: searchFlights rejects with unexpected/runtime error",
          "status": "passed",
          "title": "f) fetch rejects: searchFlights rejects with unexpected/runtime error",
          "duration": 0,
          "failureMessages": []
        }
      ],
      "startTime": 1781829743845,
      "endTime": 1781829743849,
      "status": "passed",
      "message": "",
      "name": "/tmp/skyscanner-app/src/skyscanner/client.test.ts"
    }
  ]
}