{"numTotalTestSuites":2,"numPassedTestSuites":2,"numFailedTestSuites":0,"numPendingTestSuites":0,"numTotalTests":1,"numPassedTests":1,"numFailedTests":0,"numPendingTests":0,"numTodoTests":0,"snapshot":{"added":0,"failure":false,"filesAdded":0,"filesRemoved":0,"filesRemovedList":[],"filesUnmatched":0,"filesUpdated":0,"matched":0,"total":0,"unchecked":0,"uncheckedKeysByFile":[],"unmatched":0,"updated":0,"didUpdate":false},"startTime":1785515404393,"success":true,"testResults":[{"assertionResults":[{"ancestorTitles":["getGreeting"],"fullName":"getGreeting returns hello dolly","status":"passed","title":"returns hello dolly","duration":1.0511479999999978,"failureMessages":[],"meta":{},"tags":[]}],"startTime":1785515404502,"endTime":1785515404503.0513,"status":"passed","message":"","name":"/tmp/brownfield-mock-e2e-wbuCZU/codelines/mock-hello-world/src/hello.test.ts"}]}