{"numTotalTestSuites":2,"numPassedTestSuites":2,"numFailedTestSuites":0,"numPendingTestSuites":0,"numTotalTests":1,"numPassedTests":1,"numFailedTests":0,"numPendingTests":0,"numTodoTests":0,"snapshot":{"added":0,"failure":false,"filesAdded":0,"filesRemoved":0,"filesRemovedList":[],"filesUnmatched":0,"filesUpdated":0,"matched":0,"total":0,"unchecked":0,"uncheckedKeysByFile":[],"unmatched":0,"updated":0,"didUpdate":false},"startTime":1785802038536,"success":true,"testResults":[{"assertionResults":[{"ancestorTitles":["getGreeting"],"fullName":"getGreeting returns hello dolly","status":"passed","title":"returns hello dolly","duration":1.0074129999999855,"failureMessages":[],"meta":{}}],"startTime":1785802038722,"endTime":1785802038723.0073,"status":"passed","message":"","name":"/home/bradleyjerome/.epam/mock1-paused/20260803T234619Z/workspace/codelines/mock-hello-world/src/hello.test.ts"}]}