{"numTotalTestSuites":2,"numPassedTestSuites":2,"numFailedTestSuites":0,"numPendingTestSuites":0,"numTotalTests":1,"numPassedTests":1,"numFailedTests":0,"numPendingTests":0,"numTodoTests":0,"snapshot":{"added":0,"failure":false,"filesAdded":0,"filesRemoved":0,"filesRemovedList":[],"filesUnmatched":0,"filesUpdated":0,"matched":0,"total":0,"unchecked":0,"uncheckedKeysByFile":[],"unmatched":0,"updated":0,"didUpdate":false},"startTime":1785805633378,"success":true,"testResults":[{"assertionResults":[{"ancestorTitles":["getGreeting"],"fullName":"getGreeting returns hello dolly","status":"passed","title":"returns hello dolly","duration":0.7333080000000223,"failureMessages":[],"meta":{}}],"startTime":1785805633583,"endTime":1785805633583.7334,"status":"passed","message":"","name":"/tmp/brownfield-mock3-b-PPI8Tg/clone/src/hello.test.ts"}]}