{"numTotalTestSuites":2,"numPassedTestSuites":2,"numFailedTestSuites":0,"numPendingTestSuites":0,"numTotalTests":5,"numPassedTests":5,"numFailedTests":0,"numPendingTests":0,"numTodoTests":0,"snapshot":{"added":0,"failure":false,"filesAdded":0,"filesRemoved":0,"filesRemovedList":[],"filesUnmatched":0,"filesUpdated":0,"matched":0,"total":0,"unchecked":0,"uncheckedKeysByFile":[],"unmatched":0,"updated":0,"didUpdate":false},"startTime":1787066022887,"success":true,"testResults":[{"assertionResults":[{"ancestorTitles":["fareFor"],"fullName":"fareFor charges the base fare for an adult","status":"passed","title":"charges the base fare for an adult","duration":0.8223560000000134,"failureMessages":[],"meta":{}},{"ancestorTitles":["fareFor"],"fullName":"fareFor charges nothing when the rider holds a pass","status":"passed","title":"charges nothing when the rider holds a pass","duration":0.21531500000000392,"failureMessages":[],"meta":{}},{"ancestorTitles":["fareFor"],"fullName":"fareFor charges the concession fare for a child","status":"passed","title":"charges the concession fare for a child","duration":0.09909400000000801,"failureMessages":[],"meta":{}},{"ancestorTitles":["fareFor"],"fullName":"fareFor charges the concession fare well past the senior boundary","status":"passed","title":"charges the concession fare well past the senior boundary","duration":0.23401199999997857,"failureMessages":[],"meta":{}},{"ancestorTitles":["fareFor"],"fullName":"fareFor charges the concession fare at the senior boundary (age 65)","status":"passed","title":"charges the concession fare at the senior boundary (age 65)","duration":0.259381999999988,"failureMessages":[],"meta":{}}],"startTime":1787066023150,"endTime":1787066023151.2593,"status":"passed","message":"","name":"/home/bradleyjerome/projects/mock3/mock-a/test/fares.test.ts"}]}