{"numTotalTestSuites":4,"numPassedTestSuites":4,"numFailedTestSuites":0,"numPendingTestSuites":0,"numTotalTests":10,"numPassedTests":10,"numFailedTests":0,"numPendingTests":0,"numTodoTests":0,"snapshot":{"added":0,"failure":false,"filesAdded":0,"filesRemoved":0,"filesRemovedList":[],"filesUnmatched":0,"filesUpdated":0,"matched":0,"total":0,"unchecked":0,"uncheckedKeysByFile":[],"unmatched":0,"updated":0,"didUpdate":false},"startTime":1787946961593,"success":true,"testResults":[{"assertionResults":[{"ancestorTitles":["fareFor"],"fullName":"fareFor charges the base fare for an adult","status":"passed","title":"charges the base fare for an adult","duration":0.9978009999999813,"failureMessages":[],"meta":{}},{"ancestorTitles":["fareFor"],"fullName":"fareFor charges nothing when the rider holds a pass","status":"passed","title":"charges nothing when the rider holds a pass","duration":0.1658779999999922,"failureMessages":[],"meta":{}},{"ancestorTitles":["fareFor"],"fullName":"fareFor charges the concession fare for a child","status":"passed","title":"charges the concession fare for a child","duration":0.07587499999999636,"failureMessages":[],"meta":{}},{"ancestorTitles":["fareFor"],"fullName":"fareFor charges the concession fare well past the senior boundary","status":"passed","title":"charges the concession fare well past the senior boundary","duration":0.07306500000001392,"failureMessages":[],"meta":{}}],"startTime":1787946961837,"endTime":1787946961838.1658,"status":"passed","message":"","name":"/home/bradleyjerome/projects/mock3/mock-a/test/fares.test.ts"},{"assertionResults":[{"ancestorTitles":["fareFor"],"fullName":"fareFor charges the concession fare for a rider aged exactly 65 with no pass","status":"passed","title":"charges the concession fare for a rider aged exactly 65 with no pass","duration":1.2602919999999926,"failureMessages":[],"meta":{}},{"ancestorTitles":["fareFor"],"fullName":"fareFor charges the concession fare for a rider aged 66 with no pass","status":"passed","title":"charges the concession fare for a rider aged 66 with no pass","duration":0.1874249999999904,"failureMessages":[],"meta":{}},{"ancestorTitles":["fareFor"],"fullName":"fareFor charges the base fare for a rider aged 64 with no pass","status":"passed","title":"charges the base fare for a rider aged 64 with no pass","duration":0.11851400000000467,"failureMessages":[],"meta":{}},{"ancestorTitles":["fareFor"],"fullName":"fareFor charges nothing when a rider holds a pass","status":"passed","title":"charges nothing when a rider holds a pass","duration":0.08091899999999441,"failureMessages":[],"meta":{}},{"ancestorTitles":["fareFor"],"fullName":"fareFor charges the concession fare for a child aged 12 with no pass","status":"passed","title":"charges the concession fare for a child aged 12 with no pass","duration":0.13006399999997598,"failureMessages":[],"meta":{}},{"ancestorTitles":["fareFor"],"fullName":"fareFor charges the base fare for an adult aged 45 with no pass","status":"passed","title":"charges the base fare for an adult aged 45 with no pass","duration":0.05813200000000052,"failureMessages":[],"meta":{}}],"startTime":1787946961837,"endTime":1787946961839.1875,"status":"passed","message":"","name":"/home/bradleyjerome/projects/mock3/mock-a/src/fares.test.ts"}]}