{"numTotalTestSuites":3,"numPassedTestSuites":3,"numFailedTestSuites":0,"numPendingTestSuites":0,"numTotalTests":6,"numPassedTests":6,"numFailedTests":0,"numPendingTests":0,"numTodoTests":0,"snapshot":{"added":0,"failure":false,"filesAdded":0,"filesRemoved":0,"filesRemovedList":[],"filesUnmatched":0,"filesUpdated":0,"matched":0,"total":0,"unchecked":0,"uncheckedKeysByFile":[],"unmatched":0,"updated":0,"didUpdate":false},"startTime":1787065405077,"success":true,"testResults":[{"assertionResults":[{"ancestorTitles":["formatStops"],"fullName":"formatStops separates stops with an arrow","status":"passed","title":"separates stops with an arrow","duration":1.5450349999999844,"failureMessages":[],"meta":{}},{"ancestorTitles":["formatStops"],"fullName":"formatStops names the first stop","status":"passed","title":"names the first stop","duration":0.24039500000000658,"failureMessages":[],"meta":{}},{"ancestorTitles":["formatStops"],"fullName":"formatStops names the final stop","status":"passed","title":"names the final stop","duration":0.11144600000000082,"failureMessages":[],"meta":{}},{"ancestorTitles":["formatStops"],"fullName":"formatStops handles an empty line","status":"passed","title":"handles an empty line","duration":0.16964600000000019,"failureMessages":[],"meta":{}},{"ancestorTitles":["totalMinutes"],"fullName":"totalMinutes reports the journey length","status":"passed","title":"reports the journey length","duration":0.25019000000000347,"failureMessages":[],"meta":{}},{"ancestorTitles":["totalMinutes"],"fullName":"totalMinutes handles an empty line","status":"passed","title":"handles an empty line","duration":0.07553899999999203,"failureMessages":[],"meta":{}}],"startTime":1787065405307,"endTime":1787065405310.2502,"status":"passed","message":"","name":"/home/bradleyjerome/projects/mock3/mock-b/test/schedule.test.ts"}]}