{"numTotalTestSuites":5,"numPassedTestSuites":5,"numFailedTestSuites":0,"numPendingTestSuites":0,"numTotalTests":9,"numPassedTests":9,"numFailedTests":0,"numPendingTests":0,"numTodoTests":0,"snapshot":{"added":0,"failure":false,"filesAdded":0,"filesRemoved":0,"filesRemovedList":[],"filesUnmatched":0,"filesUpdated":0,"matched":0,"total":0,"unchecked":0,"uncheckedKeysByFile":[],"unmatched":0,"updated":0,"didUpdate":false},"startTime":1787946959348,"success":true,"testResults":[{"assertionResults":[{"ancestorTitles":["formatStops"],"fullName":"formatStops includes the final stop in the output","status":"passed","title":"includes the final stop in the output","duration":1.3215470000000096,"failureMessages":[],"meta":{}},{"ancestorTitles":["formatStops"],"fullName":"formatStops includes all stops in the output","status":"passed","title":"includes all stops in the output","duration":0.20848900000001436,"failureMessages":[],"meta":{}},{"ancestorTitles":["formatStops"],"fullName":"formatStops separates consecutive stops with arrow separators","status":"passed","title":"separates consecutive stops with arrow separators","duration":0.14061899999998673,"failureMessages":[],"meta":{}},{"ancestorTitles":["formatStops"],"fullName":"formatStops handles empty input without throwing an error","status":"passed","title":"handles empty input without throwing an error","duration":0.547583000000003,"failureMessages":[],"meta":{}},{"ancestorTitles":["formatStops"],"fullName":"formatStops returns empty string for empty input","status":"passed","title":"returns empty string for empty input","duration":0.2095030000000122,"failureMessages":[],"meta":{}}],"startTime":1787946959605,"endTime":1787946959607.5476,"status":"passed","message":"","name":"/home/bradleyjerome/projects/mock3/mock-b/src/schedule.test.ts"},{"assertionResults":[{"ancestorTitles":["formatStops"],"fullName":"formatStops separates stops with an arrow","status":"passed","title":"separates stops with an arrow","duration":2.134693999999996,"failureMessages":[],"meta":{}},{"ancestorTitles":["formatStops"],"fullName":"formatStops names the first stop","status":"passed","title":"names the first stop","duration":0.267263000000014,"failureMessages":[],"meta":{}},{"ancestorTitles":["totalMinutes"],"fullName":"totalMinutes reports the journey length","status":"passed","title":"reports the journey length","duration":0.41869300000001886,"failureMessages":[],"meta":{}},{"ancestorTitles":["totalMinutes"],"fullName":"totalMinutes handles an empty line","status":"passed","title":"handles an empty line","duration":0.14599599999999668,"failureMessages":[],"meta":{}}],"startTime":1787946959605,"endTime":1787946959608.146,"status":"passed","message":"","name":"/home/bradleyjerome/projects/mock3/mock-b/test/schedule.test.ts"}]}